<?xml version="1.0" encoding="UTF-8"?>
<!-- Generated by org.testng.reporters.JUnitReportReporter -->
<testsuite hostname="DESKTOP-VV5GALI" failures="0" tests="1" name="testCases.TC_002_LoginTest" time="1.459" errors="0" timestamp="2024-06-26T10:54:59 IST" skipped="0">
  <testcase classname="testCases.TC_002_LoginTest" name="Verify_loginTest" time="1.459"/>
</testsuite> <!-- testCases.TC_002_LoginTest -->
