<?xml version="1.0" encoding="UTF-8"?>
<!-- Generated by org.testng.reporters.JUnitReportReporter -->
<testsuite hostname="DESKTOP-VV5GALI" failures="0" tests="10" name="testCases.TC_003_LoginDataDriverntest" time="110.019" errors="0" timestamp="2024-06-07T11:44:01 IST" skipped="0">
  <testcase classname="testCases.TC_003_LoginDataDriverntest" name="verify_loginDDtest" time="16.237"/>
  <testcase classname="testCases.TC_003_LoginDataDriverntest" name="verify_loginDDtest" time="16.992"/>
  <testcase classname="testCases.TC_003_LoginDataDriverntest" name="verify_loginDDtest" time="16.518"/>
  <testcase classname="testCases.TC_003_LoginDataDriverntest" name="verify_loginDDtest" time="3.674"/>
  <testcase classname="testCases.TC_003_LoginDataDriverntest" name="verify_loginDDtest" time="16.687"/>
  <testcase classname="testCases.TC_003_LoginDataDriverntest" name="verify_loginDDtest" time="2.102"/>
  <testcase classname="testCases.TC_003_LoginDataDriverntest" name="verify_loginDDtest" time="16.314"/>
  <testcase classname="testCases.TC_003_LoginDataDriverntest" name="verify_loginDDtest" time="16.416"/>
  <testcase classname="testCases.TC_003_LoginDataDriverntest" name="verify_loginDDtest" time="2.001"/>
  <testcase classname="testCases.TC_003_LoginDataDriverntest" name="verify_loginDDtest" time="3.078"/>
</testsuite> <!-- testCases.TC_003_LoginDataDriverntest -->
