<?xml version="1.0" encoding="UTF-8"?>
<!-- Generated by org.testng.reporters.JUnitReportReporter -->
<testsuite hostname="DESKTOP-VV5GALI" failures="0" tests="1" name="testCases.TC_001_AccountRegistrationTest" time="7.978" errors="0" timestamp="2024-07-05T10:42:46 IST" skipped="0">
  <testcase classname="testCases.TC_001_AccountRegistrationTest" name="validate_acc_registration" time="7.978"/>
</testsuite> <!-- testCases.TC_001_AccountRegistrationTest -->
